<?xml version="1.0" encoding="UTF-8"?>
<testng-results skipped="0" failed="1" total="8" passed="7">
  <reporter-output>
  </reporter-output>
  <suite name="net.fiive.HiraganaTranslatorTest" duration-ms="73" started-at="2012-06-17T05:36:19Z" finished-at="2012-06-17T05:36:19Z">
    <groups>
    </groups>
    <test name="Command line test" duration-ms="73" started-at="2012-06-17T05:36:19Z" finished-at="2012-06-17T05:36:19Z">
      <class name="net.fiive.HiraganaTranslatorTest">
        <test-method status="FAIL" signature="testHiraganaNotFound(java.lang.String)[pri:0, instance:net.fiive.HiraganaTranslatorTest@1e9e5c73]" name="testHiraganaNotFound" duration-ms="0" started-at="2012-06-17T05:36:19Z" finished-at="2012-06-17T05:36:19Z">
          <exception class="org.testng.TestNGException">
            <message>
              <![CDATA[
Data Provider public void net.fiive.HiraganaTranslatorTest.notFoundHiraganas() must return either Object[][] or Iterator<Object>[], not void]]>
            </message>
            <full-stacktrace>
              <![CDATA[org.testng.TestNGException: 
Data Provider public void net.fiive.HiraganaTranslatorTest.notFoundHiraganas() must return either Object[][] or Iterator<Object>[], not void
	at org.testng.internal.MethodInvocationHelper.invokeDataProvider(MethodInvocationHelper.java:124)
	at org.testng.internal.Parameters.handleParameters(Parameters.java:414)
	at org.testng.internal.Invoker.handleParameters(Invoker.java:1358)
	at org.testng.internal.Invoker.createParameters(Invoker.java:1058)
	at org.testng.internal.Invoker.invokeTestMethods(Invoker.java:1160)
	at org.testng.internal.TestMethodWorker.invokeTestMethods(TestMethodWorker.java:127)
	at org.testng.internal.TestMethodWorker.run(TestMethodWorker.java:111)
	at org.testng.TestRunner.privateRun(TestRunner.java:758)
	at org.testng.TestRunner.run(TestRunner.java:613)
	at org.testng.SuiteRunner.runTest(SuiteRunner.java:334)
	at org.testng.SuiteRunner.runSequentially(SuiteRunner.java:329)
	at org.testng.SuiteRunner.privateRun(SuiteRunner.java:291)
	at org.testng.SuiteRunner.run(SuiteRunner.java:240)
	at org.testng.SuiteRunnerWorker.runSuite(SuiteRunnerWorker.java:53)
	at org.testng.SuiteRunnerWorker.run(SuiteRunnerWorker.java:87)
	at org.testng.TestNG.runSuitesSequentially(TestNG.java:1137)
	at org.testng.TestNG.runSuitesLocally(TestNG.java:1062)
	at org.testng.TestNG.run(TestNG.java:974)
	at org.apache.maven.surefire.testng.TestNGExecutor.run(TestNGExecutor.java:76)
	at org.apache.maven.surefire.testng.TestNGDirectoryTestSuite.execute(TestNGDirectoryTestSuite.java:112)
	at org.apache.maven.surefire.testng.TestNGProvider.invoke(TestNGProvider.java:115)
	at sun.reflect.NativeMethodAccessorImpl.invoke0(Native Method)
	at sun.reflect.NativeMethodAccessorImpl.invoke(NativeMethodAccessorImpl.java:39)
	at sun.reflect.DelegatingMethodAccessorImpl.invoke(DelegatingMethodAccessorImpl.java:25)
	at java.lang.reflect.Method.invoke(Method.java:597)
	at org.apache.maven.surefire.util.ReflectionUtils.invokeMethodWithArray(ReflectionUtils.java:189)
	at org.apache.maven.surefire.booter.ProviderFactory$ProviderProxy.invoke(ProviderFactory.java:165)
	at org.apache.maven.surefire.booter.ProviderFactory.invokeProvider(ProviderFactory.java:85)
	at org.apache.maven.surefire.booter.ForkedBooter.runSuitesInProcess(ForkedBooter.java:103)
	at org.apache.maven.surefire.booter.ForkedBooter.main(ForkedBooter.java:74)
]]>
            </full-stacktrace>
          </exception>
        </test-method>
        <test-method status="PASS" signature="testTranslateNull()[pri:0, instance:net.fiive.HiraganaTranslatorTest@1e9e5c73]" name="testTranslateNull" duration-ms="23" started-at="2012-06-17T05:36:19Z" finished-at="2012-06-17T05:36:19Z">
          <exception class="java.lang.NullPointerException">
            <message>
              <![CDATA[Error: Text cannot be null]]>
            </message>
            <full-stacktrace>
              <![CDATA[java.lang.NullPointerException: Error: Text cannot be null
	at com.google.common.base.Preconditions.checkNotNull(Preconditions.java:204)
	at net.fiive.HiraganaTranslator.translateToHiragana(HiraganaTranslator.java:39)
	at net.fiive.HiraganaTranslatorTest.testTranslateNull(HiraganaTranslatorTest.java:55)
	at sun.reflect.NativeMethodAccessorImpl.invoke0(Native Method)
	at sun.reflect.NativeMethodAccessorImpl.invoke(NativeMethodAccessorImpl.java:39)
	at sun.reflect.DelegatingMethodAccessorImpl.invoke(DelegatingMethodAccessorImpl.java:25)
	at java.lang.reflect.Method.invoke(Method.java:597)
	at org.testng.internal.MethodInvocationHelper.invokeMethod(MethodInvocationHelper.java:80)
	at org.testng.internal.Invoker.invokeMethod(Invoker.java:691)
	at org.testng.internal.Invoker.invokeTestMethod(Invoker.java:883)
	at org.testng.internal.Invoker.invokeTestMethods(Invoker.java:1208)
	at org.testng.internal.TestMethodWorker.invokeTestMethods(TestMethodWorker.java:127)
	at org.testng.internal.TestMethodWorker.run(TestMethodWorker.java:111)
	at org.testng.TestRunner.privateRun(TestRunner.java:758)
	at org.testng.TestRunner.run(TestRunner.java:613)
	at org.testng.SuiteRunner.runTest(SuiteRunner.java:334)
	at org.testng.SuiteRunner.runSequentially(SuiteRunner.java:329)
	at org.testng.SuiteRunner.privateRun(SuiteRunner.java:291)
	at org.testng.SuiteRunner.run(SuiteRunner.java:240)
	at org.testng.SuiteRunnerWorker.runSuite(SuiteRunnerWorker.java:53)
	at org.testng.SuiteRunnerWorker.run(SuiteRunnerWorker.java:87)
	at org.testng.TestNG.runSuitesSequentially(TestNG.java:1137)
	at org.testng.TestNG.runSuitesLocally(TestNG.java:1062)
	at org.testng.TestNG.run(TestNG.java:974)
	at org.apache.maven.surefire.testng.TestNGExecutor.run(TestNGExecutor.java:76)
	at org.apache.maven.surefire.testng.TestNGDirectoryTestSuite.execute(TestNGDirectoryTestSuite.java:112)
	at org.apache.maven.surefire.testng.TestNGProvider.invoke(TestNGProvider.java:115)
	at sun.reflect.NativeMethodAccessorImpl.invoke0(Native Method)
	at sun.reflect.NativeMethodAccessorImpl.invoke(NativeMethodAccessorImpl.java:39)
	at sun.reflect.DelegatingMethodAccessorImpl.invoke(DelegatingMethodAccessorImpl.java:25)
	at java.lang.reflect.Method.invoke(Method.java:597)
	at org.apache.maven.surefire.util.ReflectionUtils.invokeMethodWithArray(ReflectionUtils.java:189)
	at org.apache.maven.surefire.booter.ProviderFactory$ProviderProxy.invoke(ProviderFactory.java:165)
	at org.apache.maven.surefire.booter.ProviderFactory.invokeProvider(ProviderFactory.java:85)
	at org.apache.maven.surefire.booter.ForkedBooter.runSuitesInProcess(ForkedBooter.java:103)
	at org.apache.maven.surefire.booter.ForkedBooter.main(ForkedBooter.java:74)
]]>
            </full-stacktrace>
          </exception>
        </test-method>
        <test-method status="PASS" signature="translateValid(java.lang.String, int)[pri:0, instance:net.fiive.HiraganaTranslatorTest@1e9e5c73]" name="translateValid" duration-ms="5" started-at="2012-06-17T05:36:19Z" finished-at="2012-06-17T05:36:19Z">
          <params>
            <param index="0">
              <value>
                <![CDATA[a]]>
              </value>
            </param>
            <param index="1">
              <value>
                <![CDATA[2130903044]]>
              </value>
            </param>
          </params>
        </test-method>
        <test-method status="PASS" signature="translateValid(java.lang.String, int)[pri:0, instance:net.fiive.HiraganaTranslatorTest@1e9e5c73]" name="translateValid" duration-ms="1" started-at="2012-06-17T05:36:19Z" finished-at="2012-06-17T05:36:19Z">
          <params>
            <param index="0">
              <value>
                <![CDATA[i]]>
              </value>
            </param>
            <param index="1">
              <value>
                <![CDATA[2130903045]]>
              </value>
            </param>
          </params>
        </test-method>
        <test-method status="PASS" signature="translateValid(java.lang.String, int)[pri:0, instance:net.fiive.HiraganaTranslatorTest@1e9e5c73]" name="translateValid" duration-ms="0" started-at="2012-06-17T05:36:19Z" finished-at="2012-06-17T05:36:19Z">
          <params>
            <param index="0">
              <value>
                <![CDATA[ka]]>
              </value>
            </param>
            <param index="1">
              <value>
                <![CDATA[2130903049]]>
              </value>
            </param>
          </params>
        </test-method>
        <test-method status="PASS" signature="translateValid(java.lang.String, int)[pri:0, instance:net.fiive.HiraganaTranslatorTest@1e9e5c73]" name="translateValid" duration-ms="0" started-at="2012-06-17T05:36:19Z" finished-at="2012-06-17T05:36:19Z">
          <params>
            <param index="0">
              <value>
                <![CDATA[kya]]>
              </value>
            </param>
            <param index="1">
              <value>
                <![CDATA[2130903054]]>
              </value>
            </param>
          </params>
        </test-method>
        <test-method status="PASS" signature="translateValid(java.lang.String, int)[pri:0, instance:net.fiive.HiraganaTranslatorTest@1e9e5c73]" name="translateValid" duration-ms="1" started-at="2012-06-17T05:36:19Z" finished-at="2012-06-17T05:36:19Z">
          <params>
            <param index="0">
              <value>
                <![CDATA[ya]]>
              </value>
            </param>
            <param index="1">
              <value>
                <![CDATA[2130903057]]>
              </value>
            </param>
          </params>
        </test-method>
        <test-method status="PASS" signature="translateValid(java.lang.String, int)[pri:0, instance:net.fiive.HiraganaTranslatorTest@1e9e5c73]" name="translateValid" duration-ms="0" started-at="2012-06-17T05:36:19Z" finished-at="2012-06-17T05:36:19Z">
          <params>
            <param index="0">
              <value>
                <![CDATA[shi]]>
              </value>
            </param>
            <param index="1">
              <value>
                <![CDATA[2130903061]]>
              </value>
            </param>
          </params>
        </test-method>
      </class>
    </test>
  </suite>
</testng-results>
