<?xml version="1.0" encoding="UTF-8"?>
<!-- Generated by org.testng.reporters.JUnitReportReporter -->
<testsuite hostname="GlaDOS.local" name="net.fiive.HiraganaTranslatorTest" tests="8" failures="1" timestamp="17 Jun 2012 08:36:19 GMT" time="0.030" errors="0">
  <testcase name="translateValid" time="0.000" classname="net.fiive.HiraganaTranslatorTest"/>
  <testcase name="testHiraganaNotFound" time="0.000" classname="net.fiive.HiraganaTranslatorTest">
    <failure type="org.testng.TestNGException" message="
Data Provider public void net.fiive.HiraganaTranslatorTest.notFoundHiraganas() must return either Object[][] or Iterator&lt;Object&gt;[], not void">
      <![CDATA[org.testng.TestNGException: 
Data Provider public void net.fiive.HiraganaTranslatorTest.notFoundHiraganas() must return either Object[][] or Iterator<Object>[], not void
	at org.testng.internal.MethodInvocationHelper.invokeDataProvider(MethodInvocationHelper.java:124)
	at org.testng.internal.Parameters.handleParameters(Parameters.java:414)
	at org.testng.internal.Invoker.handleParameters(Invoker.java:1358)
	at org.testng.internal.Invoker.createParameters(Invoker.java:1058)
	at org.testng.internal.Invoker.invokeTestMethods(Invoker.java:1160)
	at org.testng.internal.TestMethodWorker.invokeTestMethods(TestMethodWorker.java:127)
	at org.testng.internal.TestMethodWorker.run(TestMethodWorker.java:111)
	at org.testng.TestRunner.privateRun(TestRunner.java:758)
	at org.testng.TestRunner.run(TestRunner.java:613)
	at org.testng.SuiteRunner.runTest(SuiteRunner.java:334)
	at org.testng.SuiteRunner.runSequentially(SuiteRunner.java:329)
	at org.testng.SuiteRunner.privateRun(SuiteRunner.java:291)
	at org.testng.SuiteRunner.run(SuiteRunner.java:240)
	at org.testng.SuiteRunnerWorker.runSuite(SuiteRunnerWorker.java:53)
	at org.testng.SuiteRunnerWorker.run(SuiteRunnerWorker.java:87)
	at org.testng.TestNG.runSuitesSequentially(TestNG.java:1137)
	at org.testng.TestNG.runSuitesLocally(TestNG.java:1062)
	at org.testng.TestNG.run(TestNG.java:974)
	at org.apache.maven.surefire.testng.TestNGExecutor.run(TestNGExecutor.java:76)
	at org.apache.maven.surefire.testng.TestNGDirectoryTestSuite.execute(TestNGDirectoryTestSuite.java:112)
	at org.apache.maven.surefire.testng.TestNGProvider.invoke(TestNGProvider.java:115)
	at sun.reflect.NativeMethodAccessorImpl.invoke0(Native Method)
	at sun.reflect.NativeMethodAccessorImpl.invoke(NativeMethodAccessorImpl.java:39)
	at sun.reflect.DelegatingMethodAccessorImpl.invoke(DelegatingMethodAccessorImpl.java:25)
	at java.lang.reflect.Method.invoke(Method.java:597)
	at org.apache.maven.surefire.util.ReflectionUtils.invokeMethodWithArray(ReflectionUtils.java:189)
	at org.apache.maven.surefire.booter.ProviderFactory$ProviderProxy.invoke(ProviderFactory.java:165)
	at org.apache.maven.surefire.booter.ProviderFactory.invokeProvider(ProviderFactory.java:85)
	at org.apache.maven.surefire.booter.ForkedBooter.runSuitesInProcess(ForkedBooter.java:103)
	at org.apache.maven.surefire.booter.ForkedBooter.main(ForkedBooter.java:74)
]]>
    </failure>
  </testcase>
  <testcase name="translateValid" time="0.001" classname="net.fiive.HiraganaTranslatorTest"/>
  <testcase name="translateValid" time="0.000" classname="net.fiive.HiraganaTranslatorTest"/>
  <testcase name="testTranslateNull" time="0.023" classname="net.fiive.HiraganaTranslatorTest"/>
  <testcase name="translateValid" time="0.005" classname="net.fiive.HiraganaTranslatorTest"/>
  <testcase name="translateValid" time="0.001" classname="net.fiive.HiraganaTranslatorTest"/>
  <testcase name="translateValid" time="0.000" classname="net.fiive.HiraganaTranslatorTest"/>
</testsuite>
